TN:
SF:src/attachments.ts
FN:6,encryptAttachment
FNF:1
FNH:1
FNDA:16,encryptAttachment
DA:1,1
DA:2,1
DA:3,1
DA:4,1
DA:5,1
DA:6,16
DA:7,16
DA:8,16
DA:9,16
DA:10,16
DA:11,16
DA:12,16
DA:13,16
DA:14,16
DA:15,16
DA:16,16
DA:17,16
DA:18,16
DA:19,16
DA:20,1
DA:21,1
DA:22,1
DA:23,16
DA:24,16
DA:25,16
DA:26,16
DA:27,16
DA:28,16
DA:29,16
DA:30,16
DA:31,16
DA:32,16
DA:33,16
DA:34,16
DA:35,16
DA:36,16
DA:37,16
DA:38,16
DA:39,16
DA:40,16
DA:41,16
DA:42,16
DA:43,16
LF:43
LH:43
BRDA:6,0,0,16
BRDA:19,1,0,1
BRF:2
BRH:2
end_of_record
TN:
SF:src/crypto.ts
FN:5,hkdfSha256
FN:27,hmacSha256
FN:36,aesGcmEncrypt
FN:64,aesGcmDecrypt
FN:91,toBase64
FN:95,fromBase64
FN:99,encryptJson
FN:109,decryptJson
FN:118,keccakHash
FN:125,bytesFromHex
FN:130,hexFromBytes
FNF:11
FNH:11
FNDA:52,hkdfSha256
FNDA:47,hmacSha256
FNDA:60,aesGcmEncrypt
FNDA:11,aesGcmDecrypt
FNDA:80,toBase64
FNDA:20,fromBase64
FNDA:4,encryptJson
FNDA:3,decryptJson
FNDA:31,keccakHash
FNDA:3,bytesFromHex
FNDA:35,hexFromBytes
DA:1,1
DA:2,1
DA:3,1
DA:4,1
DA:5,1
DA:6,52
DA:7,52
DA:8,52
DA:9,52
DA:10,52
DA:11,52
DA:12,52
DA:13,52
DA:14,52
DA:15,52
DA:16,78
DA:17,78
DA:18,78
DA:19,78
DA:20,78
DA:21,78
DA:22,78
DA:23,78
DA:24,52
DA:25,52
DA:26,1
DA:27,1
DA:28,47
DA:29,47
DA:30,1
DA:31,1
DA:32,1
DA:33,1
DA:34,1
DA:35,1
DA:36,1
DA:37,60
DA:38,60
DA:39,60
DA:40,60
DA:41,60
DA:42,60
DA:43,2
DA:44,2
DA:45,58
DA:46,58
DA:47,58
DA:48,58
DA:49,58
DA:50,60
DA:51,14
DA:52,14
DA:53,58
DA:54,58
DA:55,58
DA:56,58
DA:57,58
DA:58,1
DA:59,1
DA:60,1
DA:61,1
DA:62,1
DA:63,1
DA:64,1
DA:65,11
DA:66,11
DA:67,11
DA:68,11
DA:69,11
DA:70,11
DA:71,11
DA:72,11
DA:73,0
DA:74,0
DA:75,11
DA:76,11
DA:77,11
DA:78,11
DA:79,11
DA:80,4
DA:81,4
DA:82,11
DA:83,11
DA:84,11
DA:85,11
DA:86,11
DA:87,11
DA:88,11
DA:89,11
DA:90,1
DA:91,1
DA:92,80
DA:93,80
DA:94,1
DA:95,1
DA:96,20
DA:97,20
DA:98,1
DA:99,1
DA:100,4
DA:101,4
DA:102,4
DA:103,4
DA:104,4
DA:105,4
DA:106,4
DA:107,4
DA:108,1
DA:109,1
DA:110,3
DA:111,3
DA:112,3
DA:113,3
DA:114,3
DA:115,3
DA:116,3
DA:117,1
DA:118,1
DA:119,31
DA:120,15
DA:121,15
DA:122,16
DA:123,16
DA:124,1
DA:125,1
DA:126,3
DA:127,3
DA:128,3
DA:129,1
DA:130,1
DA:131,35
DA:132,35
LF:132
LH:130
BRDA:5,0,0,52
BRDA:15,1,0,78
BRDA:27,2,0,47
BRDA:36,3,0,60
BRDA:42,4,0,2
BRDA:44,5,0,58
BRDA:50,6,0,14
BRDA:50,7,0,14
BRDA:52,8,0,58
BRDA:64,9,0,11
BRDA:72,10,0,0
BRDA:79,11,0,4
BRDA:79,12,0,4
BRDA:91,13,0,80
BRDA:95,14,0,20
BRDA:99,15,0,4
BRDA:109,16,0,3
BRDA:118,17,0,31
BRDA:119,18,0,15
BRDA:121,19,0,16
BRDA:125,20,0,3
BRDA:126,21,0,2
BRDA:126,22,0,1
BRDA:130,23,0,35
BRF:24
BRH:23
end_of_record
TN:
SF:src/poseidon.ts
FN:3,createPoseidonHasher
FNF:1
FNH:1
FNDA:88,createPoseidonHasher
DA:1,1
DA:2,1
DA:3,88
DA:4,88
DA:5,88
DA:6,88
DA:7,88
DA:8,431
DA:9,881
DA:10,875
DA:11,875
DA:12,49
DA:13,3
DA:14,3
DA:15,3
DA:16,3
DA:17,3
DA:18,0
DA:19,431
DA:20,431
DA:21,431
DA:22,431
DA:23,88
LF:23
LH:22
BRDA:3,0,0,88
BRDA:7,1,0,431
BRDA:8,2,0,881
BRDA:9,3,0,875
BRDA:11,4,0,49
BRDA:11,5,0,6
BRDA:12,6,0,3
BRDA:17,7,0,0
BRF:8
BRH:7
end_of_record
TN:
SF:src/ratchet.ts
FN:26,kdfChain
FN:37,kdfRoot
FN:51,initRatchet
FN:74,dhRatchet
FN:98,ratchetEncrypt
FN:138,ratchetDecrypt
FN:262,pruneSkippedKeys
FNF:7
FNH:7
FNDA:14,kdfChain
FNDA:6,kdfRoot
FNDA:19,initRatchet
FNDA:6,dhRatchet
FNDA:12,ratchetEncrypt
FNDA:3,ratchetDecrypt
FNDA:4,pruneSkippedKeys
DA:1,1
DA:2,1
DA:3,1
DA:4,1
DA:5,1
DA:6,1
DA:7,1
DA:8,1
DA:9,1
DA:10,1
DA:11,1
DA:12,1
DA:13,1
DA:14,1
DA:15,1
DA:16,1
DA:17,1
DA:18,1
DA:19,1
DA:20,1
DA:21,1
DA:22,1
DA:23,1
DA:24,1
DA:25,1
DA:26,14
DA:27,14
DA:28,14
DA:29,14
DA:30,14
DA:31,14
DA:32,1
DA:33,1
DA:34,1
DA:35,1
DA:36,1
DA:37,6
DA:38,6
DA:39,6
DA:40,6
DA:41,6
DA:42,6
DA:43,6
DA:44,6
DA:45,6
DA:46,6
DA:47,6
DA:48,6
DA:49,6
DA:50,1
DA:51,1
DA:52,19
DA:53,19
DA:54,19
DA:55,19
DA:56,19
DA:57,19
DA:58,19
DA:59,19
DA:60,19
DA:61,19
DA:62,19
DA:63,19
DA:64,19
DA:65,19
DA:66,19
DA:67,19
DA:68,19
DA:69,19
DA:70,19
DA:71,19
DA:72,19
DA:73,1
DA:74,1
DA:75,6
DA:76,6
DA:77,6
DA:78,6
DA:79,6
DA:80,6
DA:81,6
DA:82,6
DA:83,6
DA:84,6
DA:85,6
DA:86,6
DA:87,6
DA:88,6
DA:89,6
DA:90,6
DA:91,6
DA:92,6
DA:93,6
DA:94,6
DA:95,6
DA:96,6
DA:97,1
DA:98,1
DA:99,12
DA:100,12
DA:101,12
DA:102,12
DA:103,12
DA:104,12
DA:105,12
DA:106,12
DA:107,12
DA:108,12
DA:109,12
DA:110,12
DA:111,12
DA:112,12
DA:113,12
DA:114,12
DA:115,12
DA:116,12
DA:117,12
DA:118,12
DA:119,12
DA:120,12
DA:121,12
DA:122,12
DA:123,12
DA:124,12
DA:125,12
DA:126,12
DA:127,12
DA:128,12
DA:129,12
DA:130,12
DA:131,12
DA:132,1
DA:133,1
DA:134,1
DA:135,1
DA:136,1
DA:137,1
DA:138,1
DA:139,3
DA:140,3
DA:141,3
DA:142,3
DA:143,3
DA:144,3
DA:145,3
DA:146,3
DA:147,3
DA:148,3
DA:149,3
DA:150,3
DA:151,3
DA:152,3
DA:153,3
DA:154,3
DA:155,3
DA:156,3
DA:157,3
DA:158,0
DA:159,0
DA:160,0
DA:161,0
DA:162,0
DA:163,0
DA:164,0
DA:165,0
DA:166,0
DA:167,0
DA:168,0
DA:169,0
DA:170,0
DA:171,0
DA:172,0
DA:173,3
DA:174,3
DA:175,3
DA:176,3
DA:177,3
DA:178,2
DA:179,3
DA:180,3
DA:181,1
DA:182,1
DA:183,1
DA:184,0
DA:185,1
DA:186,1
DA:187,0
DA:188,0
DA:189,1
DA:190,1
DA:191,1
DA:192,0
DA:193,0
DA:194,0
DA:195,0
DA:196,0
DA:197,0
DA:198,0
DA:199,0
DA:200,0
DA:201,0
DA:202,0
DA:203,0
DA:204,1
DA:205,1
DA:206,1
DA:207,1
DA:208,1
DA:209,3
DA:210,3
DA:211,3
DA:212,3
DA:213,3
DA:214,3
DA:215,0
DA:216,0
DA:217,3
DA:218,3
DA:219,3
DA:220,3
DA:221,1
DA:222,1
DA:223,2
DA:224,2
DA:225,3
DA:226,0
DA:227,0
DA:228,0
DA:229,0
DA:230,0
DA:231,0
DA:232,0
DA:233,0
DA:234,0
DA:235,0
DA:236,0
DA:237,0
DA:238,2
DA:239,2
DA:240,2
DA:241,2
DA:242,2
DA:243,2
DA:244,3
DA:245,3
DA:246,3
DA:247,3
DA:248,3
DA:249,3
DA:250,3
DA:251,3
DA:252,3
DA:253,3
DA:254,3
DA:255,3
DA:256,3
DA:257,3
DA:258,1
DA:259,1
DA:260,1
DA:261,1
DA:262,1
DA:263,4
DA:264,2
DA:265,2
DA:266,2
DA:267,2
DA:268,2
DA:269,2
DA:270,2
LF:270
LH:226
BRDA:26,0,0,14
BRDA:37,1,0,6
BRDA:51,2,0,19
BRDA:74,3,0,6
BRDA:93,4,0,0
BRDA:94,5,0,0
BRDA:98,6,0,12
BRDA:120,7,0,2
BRDA:120,8,0,10
BRDA:138,9,0,3
BRDA:150,10,0,0
BRDA:157,11,0,0
BRDA:177,12,0,2
BRDA:180,13,0,1
BRDA:183,14,0,0
BRDA:186,15,0,0
BRDA:191,16,0,0
BRDA:214,17,0,0
BRDA:220,18,0,1
BRDA:222,19,0,2
BRDA:225,20,0,0
BRDA:237,21,0,2
BRDA:244,22,0,1
BRDA:244,23,0,1
BRDA:253,24,0,0
BRDA:262,25,0,4
BRDA:263,26,0,3
BRDA:263,27,0,2
BRF:28
BRH:18
end_of_record
TN:
SF:src/stealth.ts
FN:17,hashToScalar
FN:29,computeViewTag
FN:35,generateKeyPair
FN:47,deriveStealthAddress
FN:83,deriveStealthFromEphemeral
FN:119,deriveStealthFromEphemeralX
FN:155,modPow
FNF:7
FNH:7
FNDA:33,hashToScalar
FNDA:38,computeViewTag
FNDA:23,generateKeyPair
FNDA:19,deriveStealthAddress
FNDA:16,deriveStealthFromEphemeral
FNDA:12,deriveStealthFromEphemeralX
FNDA:12,modPow
DA:1,1
DA:2,1
DA:3,1
DA:4,1
DA:5,1
DA:6,1
DA:7,1
DA:8,1
DA:9,1
DA:10,1
DA:11,1
DA:12,1
DA:13,1
DA:14,1
DA:15,1
DA:16,1
DA:17,33
DA:18,33
DA:19,33
DA:20,33
DA:21,33
DA:22,33
DA:23,1
DA:24,1
DA:25,1
DA:26,1
DA:27,1
DA:28,1
DA:29,1
DA:30,38
DA:31,38
DA:32,38
DA:33,38
DA:34,1
DA:35,1
DA:36,23
DA:37,23
DA:38,23
DA:39,23
DA:40,1
DA:41,1
DA:42,1
DA:43,1
DA:44,1
DA:45,1
DA:46,1
DA:47,1
DA:48,19
DA:49,19
DA:50,19
DA:51,19
DA:52,19
DA:53,19
DA:54,19
DA:55,19
DA:56,19
DA:57,19
DA:58,19
DA:59,19
DA:60,19
DA:61,19
DA:62,19
DA:63,19
DA:64,19
DA:65,19
DA:66,19
DA:67,19
DA:68,19
DA:69,19
DA:70,19
DA:71,19
DA:72,19
DA:73,19
DA:74,19
DA:75,1
DA:76,1
DA:77,1
DA:78,1
DA:79,1
DA:80,1
DA:81,1
DA:82,1
DA:83,1
DA:84,16
DA:85,16
DA:86,16
DA:87,16
DA:88,16
DA:89,16
DA:90,1
DA:91,1
DA:92,15
DA:93,15
DA:94,15
DA:95,15
DA:96,15
DA:97,15
DA:98,15
DA:99,15
DA:100,15
DA:101,15
DA:102,15
DA:103,15
DA:104,15
DA:105,15
DA:106,15
DA:107,15
DA:108,15
DA:109,15
DA:110,15
DA:111,15
DA:112,15
DA:113,1
DA:114,1
DA:115,1
DA:116,1
DA:117,1
DA:118,1
DA:119,1
DA:120,12
DA:121,12
DA:122,12
DA:123,12
DA:124,12
DA:125,12
DA:126,12
DA:127,12
DA:128,12
DA:129,12
DA:130,12
DA:131,12
DA:132,12
DA:133,12
DA:134,12
DA:135,12
DA:136,12
DA:137,12
DA:138,12
DA:139,0
DA:140,0
DA:141,12
DA:142,12
DA:143,12
DA:144,12
DA:145,12
DA:146,12
DA:147,12
DA:148,12
DA:149,12
DA:150,12
DA:151,12
DA:152,12
DA:153,1
DA:154,1
DA:155,12
DA:156,12
DA:157,12
DA:158,12
DA:159,3048
DA:160,2964
DA:161,2964
DA:162,3048
DA:163,3048
DA:164,3048
DA:165,12
DA:166,12
LF:166
LH:164
BRDA:17,0,0,33
BRDA:29,1,0,38
BRDA:35,2,0,23
BRDA:47,3,0,19
BRDA:83,4,0,16
BRDA:89,5,0,1
BRDA:91,6,0,15
BRDA:119,7,0,12
BRDA:138,8,0,0
BRDA:143,9,0,8
BRDA:143,10,0,4
BRDA:144,11,0,8
BRDA:144,12,0,4
BRDA:155,13,0,12
BRDA:158,14,0,3048
BRDA:159,15,0,2964
BRF:16
BRH:15
end_of_record
TN:
SF:src/store.ts
FN:19,InMemoryRatchetStore
FN:23,load
FN:27,save
FN:39,lock
FN:63,update
FN:82,updateWithResult
FN:101,optimisticUpdate
FNF:7
FNH:7
FNDA:13,InMemoryRatchetStore
FNDA:15,load
FNDA:15,save
FNDA:8,lock
FNDA:3,update
FNDA:1,updateWithResult
FNDA:3,optimisticUpdate
DA:1,1
DA:2,1
DA:3,1
DA:4,1
DA:5,1
DA:6,1
DA:7,1
DA:8,1
DA:9,1
DA:10,1
DA:11,1
DA:12,1
DA:13,1
DA:14,1
DA:15,1
DA:16,1
DA:17,1
DA:18,1
DA:19,1
DA:20,13
DA:21,13
DA:22,1
DA:23,1
DA:24,15
DA:25,15
DA:26,1
DA:27,1
DA:28,15
DA:29,15
DA:30,15
DA:31,15
DA:32,15
DA:33,1
DA:34,1
DA:35,1
DA:36,1
DA:37,1
DA:38,1
DA:39,1
DA:40,8
DA:41,8
DA:42,2
DA:43,2
DA:44,8
DA:45,8
DA:46,8
DA:47,8
DA:48,8
DA:49,8
DA:50,8
DA:51,8
DA:52,8
DA:53,8
DA:54,8
DA:55,8
DA:56,8
DA:57,8
DA:58,1
DA:59,1
DA:60,1
DA:61,1
DA:62,1
DA:63,1
DA:64,3
DA:65,3
DA:66,3
DA:67,3
DA:68,3
DA:69,3
DA:70,3
DA:71,3
DA:72,3
DA:73,3
DA:74,3
DA:75,3
DA:76,3
DA:77,1
DA:78,1
DA:79,1
DA:80,1
DA:81,1
DA:82,1
DA:83,1
DA:84,1
DA:85,1
DA:86,1
DA:87,1
DA:88,1
DA:89,1
DA:90,1
DA:91,1
DA:92,1
DA:93,1
DA:94,1
DA:95,1
DA:96,1
DA:97,1
DA:98,1
DA:99,1
DA:100,1
DA:101,1
DA:102,3
DA:103,3
DA:104,3
DA:105,3
DA:106,3
DA:107,5
DA:108,5
DA:109,5
DA:110,5
DA:111,5
DA:112,5
DA:113,5
DA:114,5
DA:115,5
DA:116,5
DA:117,2
DA:118,2
DA:119,2
DA:120,3
DA:121,3
DA:122,3
DA:123,3
DA:124,3
DA:125,3
DA:126,3
DA:127,1
LF:127
LH:127
BRDA:19,0,0,13
BRDA:23,1,0,15
BRDA:27,2,0,15
BRDA:30,3,0,5
BRDA:30,4,0,10
BRDA:39,5,0,8
BRDA:41,6,0,2
BRDA:47,7,0,8
BRDA:53,8,0,8
BRDA:63,9,0,3
BRDA:82,10,0,1
BRDA:101,11,0,3
BRDA:106,12,0,5
BRDA:108,13,0,0
BRDA:116,14,0,0
BRDA:116,15,0,2
BRDA:119,16,0,3
BRDA:122,17,0,3
BRF:18
BRH:16
end_of_record
TN:
SF:src/x3dh.ts
FN:27,concatBytes
FN:43,validatePublicKey
FN:58,deriveSalt
FN:68,x3dhInitiator
FN:158,x3dhResponder
FNF:5
FNH:5
FNDA:31,concatBytes
FNDA:41,validatePublicKey
FNDA:14,deriveSalt
FNDA:14,x3dhInitiator
FNDA:5,x3dhResponder
DA:1,1
DA:2,1
DA:3,1
DA:4,1
DA:5,1
DA:6,1
DA:7,1
DA:8,1
DA:9,1
DA:10,1
DA:11,1
DA:12,1
DA:13,1
DA:14,1
DA:15,1
DA:16,1
DA:17,1
DA:18,1
DA:19,1
DA:20,1
DA:21,1
DA:22,1
DA:23,1
DA:24,1
DA:25,1
DA:26,1
DA:27,31
DA:28,31
DA:29,31
DA:30,31
DA:31,31
DA:32,95
DA:33,95
DA:34,95
DA:35,31
DA:36,31
DA:37,1
DA:38,1
DA:39,1
DA:40,1
DA:41,1
DA:42,1
DA:43,41
DA:44,41
DA:45,41
DA:46,41
DA:47,41
DA:48,41
DA:49,41
DA:50,5
DA:51,5
DA:52,41
DA:53,1
DA:54,1
DA:55,1
DA:56,1
DA:57,1
DA:58,14
DA:59,14
DA:60,14
DA:61,14
DA:62,14
DA:63,14
DA:64,14
DA:65,14
DA:66,14
DA:67,1
DA:68,1
DA:69,14
DA:70,14
DA:71,14
DA:72,14
DA:73,14
DA:74,14
DA:75,14
DA:76,14
DA:77,5
DA:78,5
DA:79,11
DA:80,11
DA:81,11
DA:82,11
DA:83,11
DA:84,11
DA:85,11
DA:86,11
DA:87,11
DA:88,11
DA:89,11
DA:90,11
DA:91,11
DA:92,11
DA:93,11
DA:94,11
DA:95,11
DA:96,11
DA:97,11
DA:98,11
DA:99,11
DA:100,11
DA:101,11
DA:102,11
DA:103,11
DA:104,11
DA:105,11
DA:106,11
DA:107,11
DA:108,11
DA:109,11
DA:110,11
DA:111,11
DA:112,11
DA:113,11
DA:114,11
DA:115,11
DA:116,11
DA:117,14
DA:118,4
DA:119,4
DA:120,4
DA:121,4
DA:122,4
DA:123,4
DA:124,4
DA:125,11
DA:126,11
DA:127,11
DA:128,11
DA:129,11
DA:130,11
DA:131,11
DA:132,11
DA:133,11
DA:134,11
DA:135,11
DA:136,11
DA:137,14
DA:138,2
DA:139,2
DA:140,2
DA:141,2
DA:142,2
DA:143,2
DA:144,2
DA:145,2
DA:146,2
DA:147,2
DA:148,11
DA:149,11
DA:150,11
DA:151,11
DA:152,11
DA:153,11
DA:154,14
DA:155,14
DA:156,14
DA:157,1
DA:158,1
DA:159,5
DA:160,5
DA:161,5
DA:162,5
DA:163,5
DA:164,5
DA:165,5
DA:166,5
DA:167,5
DA:168,5
DA:169,5
DA:170,5
DA:171,5
DA:172,5
DA:173,5
DA:174,5
DA:175,5
DA:176,5
DA:177,5
DA:178,5
DA:179,5
DA:180,5
DA:181,5
DA:182,5
DA:183,5
DA:184,5
DA:185,5
DA:186,5
DA:187,5
DA:188,5
DA:189,5
DA:190,5
DA:191,5
DA:192,5
DA:193,5
DA:194,1
DA:195,1
DA:196,1
DA:197,1
DA:198,1
DA:199,1
DA:200,1
DA:201,3
DA:202,3
DA:203,3
DA:204,3
DA:205,3
DA:206,3
DA:207,3
DA:208,3
DA:209,3
DA:210,3
DA:211,3
DA:212,3
DA:213,3
DA:214,3
DA:215,5
DA:216,1
DA:217,1
DA:218,1
DA:219,1
DA:220,1
DA:221,1
DA:222,1
DA:223,3
DA:224,3
DA:225,3
LF:225
LH:225
BRDA:27,0,0,31
BRDA:31,1,0,95
BRDA:28,2,0,95
BRDA:43,3,0,41
BRDA:49,4,0,5
BRDA:58,5,0,14
BRDA:68,6,0,14
BRDA:76,7,0,5
BRDA:78,8,0,11
BRDA:117,9,0,4
BRDA:124,10,0,11
BRDA:137,11,0,2
BRDA:137,12,0,2
BRDA:147,13,0,11
BRDA:154,14,0,4
BRDA:154,15,0,7
BRDA:158,16,0,5
BRDA:193,17,0,1
BRDA:200,18,0,3
BRDA:215,19,0,1
BRDA:222,20,0,3
BRF:21
BRH:21
end_of_record
TN:
SF:src/zkProof.ts
FN:56,generateZKIdentity
FN:73,computeIdentityCommitment
FN:85,computeSenderNullifier
FN:97,computeGroupNullifier
FN:116,SimpleMerkleTree
FN:123,getZeroHashes
FN:139,insert
FN:144,getRoot
FN:169,getProof
FN:214,generateAnonymousSenderProof
FN:251,generateGroupMemberProof
FN:274,formatProofForContract
FN:294,computeMessageHash
FNF:13
FNH:11
FNDA:12,generateZKIdentity
FNDA:11,computeIdentityCommitment
FNDA:8,computeSenderNullifier
FNDA:9,computeGroupNullifier
FNDA:10,SimpleMerkleTree
FNDA:39,getZeroHashes
FNDA:21,insert
FNDA:24,getRoot
FNDA:15,getProof
FNDA:0,generateAnonymousSenderProof
FNDA:0,generateGroupMemberProof
FNDA:3,formatProofForContract
FNDA:10,computeMessageHash
DA:1,1
DA:2,1
DA:3,1
DA:4,1
DA:5,1
DA:6,1
DA:7,1
DA:8,1
DA:9,1
DA:10,1
DA:11,1
DA:12,1
DA:13,1
DA:14,1
DA:15,1
DA:16,1
DA:17,1
DA:18,1
DA:19,1
DA:20,1
DA:21,1
DA:22,1
DA:23,1
DA:24,1
DA:25,1
DA:26,1
DA:27,1
DA:28,1
DA:29,1
DA:30,1
DA:31,1
DA:32,1
DA:33,1
DA:34,1
DA:35,1
DA:36,1
DA:37,1
DA:38,1
DA:39,1
DA:40,1
DA:41,1
DA:42,1
DA:43,1
DA:44,1
DA:45,1
DA:46,1
DA:47,1
DA:48,1
DA:49,1
DA:50,1
DA:51,1
DA:52,1
DA:53,1
DA:54,1
DA:55,1
DA:56,12
DA:57,12
DA:58,12
DA:59,12
DA:60,12
DA:61,12
DA:62,12
DA:63,12
DA:64,12
DA:65,12
DA:66,12
DA:67,12
DA:68,12
DA:69,1
DA:70,1
DA:71,1
DA:72,1
DA:73,11
DA:74,11
DA:75,11
DA:76,11
DA:77,11
DA:78,11
DA:79,11
DA:80,1
DA:81,1
DA:82,1
DA:83,1
DA:84,1
DA:85,8
DA:86,8
DA:87,8
DA:88,8
DA:89,8
DA:90,8
DA:91,8
DA:92,1
DA:93,1
DA:94,1
DA:95,1
DA:96,1
DA:97,9
DA:98,9
DA:99,9
DA:100,9
DA:101,9
DA:102,9
DA:103,9
DA:104,9
DA:105,9
DA:106,1
DA:107,1
DA:108,1
DA:109,1
DA:110,1
DA:111,1
DA:112,1
DA:113,1
DA:114,1
DA:115,1
DA:116,1
DA:117,10
DA:118,10
DA:119,1
DA:120,1
DA:121,1
DA:122,1
DA:123,1
DA:124,39
DA:125,30
DA:126,30
DA:127,9
DA:128,9
DA:129,9
DA:130,9
DA:131,39
DA:132,45
DA:133,45
DA:134,9
DA:135,9
DA:136,9
DA:137,39
DA:138,1
DA:139,1
DA:140,21
DA:141,21
DA:142,21
DA:143,1
DA:144,1
DA:145,24
DA:146,24
DA:147,24
DA:148,4
DA:149,4
DA:150,20
DA:151,20
DA:152,20
DA:153,20
DA:154,24
DA:155,100
DA:156,100
DA:157,100
DA:158,177
DA:159,177
DA:160,177
DA:161,177
DA:162,100
DA:163,100
DA:164,100
DA:165,20
DA:166,20
DA:167,24
DA:168,1
DA:169,1
DA:170,15
DA:171,15
DA:172,15
DA:173,15
DA:174,15
DA:175,15
DA:176,15
DA:177,15
DA:178,15
DA:179,75
DA:180,75
DA:181,75
DA:182,75
DA:183,75
DA:184,75
DA:185,75
DA:186,75
DA:187,75
DA:188,145
DA:189,145
DA:190,145
DA:191,145
DA:192,75
DA:193,75
DA:194,75
DA:195,15
DA:196,15
DA:197,15
DA:198,15
DA:199,15
DA:200,15
DA:201,15
DA:202,1
DA:203,1
DA:204,1
DA:205,1
DA:206,1
DA:207,1
DA:208,1
DA:209,1
DA:210,1
DA:211,1
DA:212,1
DA:213,1
DA:214,0
DA:215,0
DA:216,0
DA:217,0
DA:218,0
DA:219,0
DA:220,0
DA:221,0
DA:222,0
DA:223,0
DA:224,0
DA:225,0
DA:226,0
DA:227,0
DA:228,0
DA:229,0
DA:230,0
DA:231,0
DA:232,0
DA:233,0
DA:234,0
DA:235,0
DA:236,0
DA:237,0
DA:238,0
DA:239,0
DA:240,0
DA:241,0
DA:242,0
DA:243,0
DA:244,0
DA:245,1
DA:246,1
DA:247,1
DA:248,1
DA:249,1
DA:250,1
DA:251,0
DA:252,0
DA:253,0
DA:254,0
DA:255,0
DA:256,0
DA:257,0
DA:258,0
DA:259,0
DA:260,0
DA:261,0
DA:262,0
DA:263,0
DA:264,0
DA:265,0
DA:266,0
DA:267,0
DA:268,0
DA:269,0
DA:270,1
DA:271,1
DA:272,1
DA:273,1
DA:274,1
DA:275,3
DA:276,3
DA:277,3
DA:278,3
DA:279,3
DA:280,3
DA:281,3
DA:282,3
DA:283,3
DA:284,3
DA:285,3
DA:286,3
DA:287,3
DA:288,3
DA:289,3
DA:290,1
DA:291,1
DA:292,1
DA:293,1
DA:294,10
DA:295,10
DA:296,10
DA:297,10
DA:298,10
DA:299,10
DA:300,10
DA:301,10
LF:301
LH:251
BRDA:56,0,0,12
BRDA:73,1,0,11
BRDA:85,2,0,8
BRDA:97,3,0,9
BRDA:116,4,0,10
BRDA:123,5,0,39
BRDA:124,6,0,30
BRDA:126,7,0,9
BRDA:131,8,0,45
BRDA:133,9,0,9
BRDA:139,10,0,21
BRDA:144,11,0,24
BRDA:147,12,0,4
BRDA:149,13,0,20
BRDA:154,14,0,100
BRDA:157,15,0,177
BRDA:159,16,0,73
BRDA:164,17,0,20
BRDA:169,18,0,15
BRDA:178,19,0,75
BRDA:179,20,0,59
BRDA:179,21,0,16
BRDA:180,22,0,36
BRDA:187,23,0,145
BRDA:189,24,0,52
BRDA:274,25,0,3
BRDA:294,26,0,10
BRF:27
BRH:27
end_of_record
