TN:
SF:src/attachments.ts
FN:6,encryptAttachment
FN:52,decryptAttachment
FNF:2
FNH:1
FNDA:16,encryptAttachment
FNDA:0,decryptAttachment
DA:1,1
DA:2,1
DA:3,1
DA:4,1
DA:5,1
DA:6,16
DA:7,16
DA:8,16
DA:9,16
DA:10,16
DA:11,16
DA:12,16
DA:13,16
DA:14,16
DA:15,16
DA:16,16
DA:17,16
DA:18,16
DA:19,16
DA:20,1
DA:21,1
DA:22,1
DA:23,16
DA:24,16
DA:25,16
DA:26,16
DA:27,16
DA:28,16
DA:29,16
DA:30,16
DA:31,16
DA:32,16
DA:33,16
DA:34,16
DA:35,16
DA:36,16
DA:37,16
DA:38,16
DA:39,16
DA:40,16
DA:41,16
DA:42,16
DA:43,16
DA:44,1
DA:45,1
DA:46,1
DA:47,1
DA:48,1
DA:49,1
DA:50,1
DA:51,1
DA:52,0
DA:53,0
DA:54,0
DA:55,0
DA:56,0
DA:57,0
DA:58,0
DA:59,0
DA:60,0
DA:61,0
DA:62,0
DA:63,0
DA:64,0
DA:65,0
DA:66,0
DA:67,0
DA:68,0
DA:69,0
DA:70,0
DA:71,0
DA:72,0
DA:73,0
DA:74,0
DA:75,0
DA:76,0
DA:77,0
DA:78,0
DA:79,0
DA:80,0
DA:81,0
DA:82,0
DA:83,0
DA:84,0
DA:85,0
DA:86,0
DA:87,0
DA:88,0
DA:89,0
DA:90,0
DA:91,0
DA:92,0
DA:93,0
DA:94,0
DA:95,0
DA:96,0
DA:97,0
DA:98,0
DA:99,0
DA:100,0
DA:101,0
DA:102,0
DA:103,0
LF:103
LH:51
BRDA:6,0,0,16
BRDA:19,1,0,1
BRF:2
BRH:2
end_of_record
TN:
SF:src/crypto.ts
FN:5,hkdfSha256
FN:27,hmacSha256
FN:36,aesGcmEncrypt
FN:64,aesGcmDecrypt
FN:101,toBase64
FN:105,fromBase64
FN:109,encryptJson
FN:119,decryptJson
FN:128,keccakHash
FN:135,bytesFromHex
FN:140,hexFromBytes
FNF:11
FNH:11
FNDA:52,hkdfSha256
FNDA:47,hmacSha256
FNDA:60,aesGcmEncrypt
FNDA:11,aesGcmDecrypt
FNDA:80,toBase64
FNDA:20,fromBase64
FNDA:4,encryptJson
FNDA:3,decryptJson
FNDA:61,keccakHash
FNDA:3,bytesFromHex
FNDA:35,hexFromBytes
DA:1,1
DA:2,1
DA:3,1
DA:4,1
DA:5,1
DA:6,52
DA:7,52
DA:8,52
DA:9,52
DA:10,52
DA:11,52
DA:12,52
DA:13,52
DA:14,52
DA:15,52
DA:16,84
DA:17,84
DA:18,84
DA:19,84
DA:20,84
DA:21,84
DA:22,84
DA:23,84
DA:24,52
DA:25,52
DA:26,1
DA:27,1
DA:28,47
DA:29,47
DA:30,1
DA:31,1
DA:32,1
DA:33,1
DA:34,1
DA:35,1
DA:36,1
DA:37,60
DA:38,60
DA:39,60
DA:40,60
DA:41,60
DA:42,60
DA:43,2
DA:44,2
DA:45,58
DA:46,58
DA:47,58
DA:48,58
DA:49,58
DA:50,60
DA:51,14
DA:52,14
DA:53,58
DA:54,58
DA:55,58
DA:56,58
DA:57,58
DA:58,1
DA:59,1
DA:60,1
DA:61,1
DA:62,1
DA:63,1
DA:64,1
DA:65,11
DA:66,11
DA:67,11
DA:68,11
DA:69,11
DA:70,11
DA:71,11
DA:72,11
DA:73,0
DA:74,0
DA:75,11
DA:76,11
DA:77,11
DA:78,0
DA:79,0
DA:80,11
DA:81,11
DA:82,11
DA:83,0
DA:84,0
DA:85,11
DA:86,11
DA:87,11
DA:88,11
DA:89,11
DA:90,4
DA:91,4
DA:92,11
DA:93,11
DA:94,11
DA:95,11
DA:96,11
DA:97,11
DA:98,11
DA:99,11
DA:100,1
DA:101,1
DA:102,80
DA:103,80
DA:104,1
DA:105,1
DA:106,20
DA:107,20
DA:108,1
DA:109,1
DA:110,4
DA:111,4
DA:112,4
DA:113,4
DA:114,4
DA:115,4
DA:116,4
DA:117,4
DA:118,1
DA:119,1
DA:120,3
DA:121,3
DA:122,3
DA:123,3
DA:124,3
DA:125,3
DA:126,3
DA:127,1
DA:128,1
DA:129,61
DA:130,5
DA:131,5
DA:132,56
DA:133,56
DA:134,1
DA:135,1
DA:136,3
DA:137,3
DA:138,3
DA:139,1
DA:140,1
DA:141,35
DA:142,35
LF:142
LH:136
BRDA:5,0,0,52
BRDA:15,1,0,84
BRDA:27,2,0,47
BRDA:36,3,0,60
BRDA:42,4,0,2
BRDA:44,5,0,58
BRDA:50,6,0,14
BRDA:50,7,0,14
BRDA:52,8,0,58
BRDA:64,9,0,11
BRDA:72,10,0,0
BRDA:77,11,0,0
BRDA:82,12,0,0
BRDA:89,13,0,4
BRDA:89,14,0,4
BRDA:101,15,0,80
BRDA:105,16,0,20
BRDA:109,17,0,4
BRDA:119,18,0,3
BRDA:128,19,0,61
BRDA:129,20,0,5
BRDA:131,21,0,56
BRDA:135,22,0,3
BRDA:136,23,0,2
BRDA:136,24,0,1
BRDA:140,25,0,35
BRF:26
BRH:23
end_of_record
TN:
SF:src/poseidon.ts
FN:3,createPoseidonHasher
FNF:1
FNH:1
FNDA:88,createPoseidonHasher
DA:1,1
DA:2,1
DA:3,88
DA:4,88
DA:5,88
DA:6,88
DA:7,88
DA:8,431
DA:9,881
DA:10,875
DA:11,875
DA:12,49
DA:13,3
DA:14,3
DA:15,3
DA:16,3
DA:17,3
DA:18,0
DA:19,431
DA:20,431
DA:21,431
DA:22,431
DA:23,88
LF:23
LH:22
BRDA:3,0,0,88
BRDA:7,1,0,431
BRDA:8,2,0,881
BRDA:9,3,0,875
BRDA:11,4,0,49
BRDA:11,5,0,6
BRDA:12,6,0,3
BRDA:17,7,0,0
BRF:8
BRH:7
end_of_record
TN:
SF:src/ratchet.ts
FN:29,kdfChain
FN:40,kdfRoot
FN:54,initRatchet
FN:85,dhRatchet
FN:120,ratchetEncrypt
FN:160,ratchetDecrypt
FN:289,pruneSkippedKeys
FNF:7
FNH:6
FNDA:14,kdfChain
FNDA:0,kdfRoot
FNDA:19,initRatchet
FNDA:6,dhRatchet
FNDA:12,ratchetEncrypt
FNDA:3,ratchetDecrypt
FNDA:4,pruneSkippedKeys
DA:1,1
DA:2,1
DA:3,1
DA:4,1
DA:5,1
DA:6,1
DA:7,1
DA:8,1
DA:9,1
DA:10,1
DA:11,1
DA:12,1
DA:13,1
DA:14,1
DA:15,1
DA:16,1
DA:17,1
DA:18,1
DA:19,1
DA:20,1
DA:21,1
DA:22,1
DA:23,1
DA:24,1
DA:25,1
DA:26,1
DA:27,1
DA:28,1
DA:29,14
DA:30,14
DA:31,14
DA:32,14
DA:33,14
DA:34,14
DA:35,1
DA:36,1
DA:37,1
DA:38,1
DA:39,1
DA:40,0
DA:41,0
DA:42,0
DA:43,0
DA:44,0
DA:45,0
DA:46,0
DA:47,0
DA:48,0
DA:49,0
DA:50,0
DA:51,0
DA:52,0
DA:53,1
DA:54,1
DA:55,19
DA:56,19
DA:57,19
DA:58,19
DA:59,19
DA:60,19
DA:61,19
DA:62,19
DA:63,19
DA:64,19
DA:65,19
DA:66,19
DA:67,19
DA:68,19
DA:69,19
DA:70,19
DA:71,19
DA:72,19
DA:73,19
DA:74,19
DA:75,19
DA:76,19
DA:77,19
DA:78,19
DA:79,19
DA:80,19
DA:81,19
DA:82,19
DA:83,19
DA:84,1
DA:85,1
DA:86,6
DA:87,6
DA:88,6
DA:89,6
DA:90,6
DA:91,6
DA:92,6
DA:93,6
DA:94,6
DA:95,6
DA:96,6
DA:97,6
DA:98,6
DA:99,6
DA:100,6
DA:101,6
DA:102,6
DA:103,6
DA:104,6
DA:105,6
DA:106,6
DA:107,6
DA:108,6
DA:109,6
DA:110,6
DA:111,6
DA:112,6
DA:113,6
DA:114,6
DA:115,6
DA:116,6
DA:117,6
DA:118,6
DA:119,1
DA:120,1
DA:121,12
DA:122,12
DA:123,12
DA:124,12
DA:125,12
DA:126,12
DA:127,12
DA:128,12
DA:129,12
DA:130,12
DA:131,12
DA:132,12
DA:133,12
DA:134,12
DA:135,12
DA:136,12
DA:137,12
DA:138,12
DA:139,12
DA:140,12
DA:141,12
DA:142,12
DA:143,12
DA:144,12
DA:145,12
DA:146,12
DA:147,12
DA:148,12
DA:149,12
DA:150,12
DA:151,12
DA:152,12
DA:153,12
DA:154,1
DA:155,1
DA:156,1
DA:157,1
DA:158,1
DA:159,1
DA:160,1
DA:161,3
DA:162,3
DA:163,3
DA:164,3
DA:165,3
DA:166,3
DA:167,3
DA:168,3
DA:169,3
DA:170,3
DA:171,3
DA:172,3
DA:173,3
DA:174,3
DA:175,3
DA:176,3
DA:177,3
DA:178,3
DA:179,3
DA:180,0
DA:181,0
DA:182,0
DA:183,0
DA:184,0
DA:185,0
DA:186,0
DA:187,0
DA:188,0
DA:189,0
DA:190,0
DA:191,0
DA:192,0
DA:193,0
DA:194,0
DA:195,3
DA:196,3
DA:197,3
DA:198,3
DA:199,3
DA:200,2
DA:201,3
DA:202,3
DA:203,1
DA:204,1
DA:205,1
DA:206,0
DA:207,1
DA:208,1
DA:209,0
DA:210,0
DA:211,1
DA:212,1
DA:213,1
DA:214,0
DA:215,0
DA:216,0
DA:217,0
DA:218,0
DA:219,0
DA:220,0
DA:221,0
DA:222,0
DA:223,0
DA:224,0
DA:225,0
DA:226,1
DA:227,1
DA:228,1
DA:229,1
DA:230,1
DA:231,3
DA:232,3
DA:233,3
DA:234,3
DA:235,3
DA:236,3
DA:237,0
DA:238,0
DA:239,3
DA:240,3
DA:241,3
DA:242,3
DA:243,1
DA:244,1
DA:245,2
DA:246,2
DA:247,3
DA:248,0
DA:249,0
DA:250,0
DA:251,0
DA:252,0
DA:253,0
DA:254,0
DA:255,0
DA:256,0
DA:257,0
DA:258,0
DA:259,0
DA:260,2
DA:261,2
DA:262,2
DA:263,2
DA:264,2
DA:265,2
DA:266,3
DA:267,3
DA:268,3
DA:269,3
DA:270,3
DA:271,3
DA:272,3
DA:273,3
DA:274,3
DA:275,3
DA:276,3
DA:277,3
DA:278,3
DA:279,3
DA:280,0
DA:281,0
DA:282,0
DA:283,0
DA:284,0
DA:285,1
DA:286,1
DA:287,1
DA:288,1
DA:289,1
DA:290,4
DA:291,2
DA:292,2
DA:293,2
DA:294,2
DA:295,2
DA:296,2
DA:297,2
LF:297
LH:235
BRDA:29,0,0,14
BRDA:54,1,0,19
BRDA:85,2,0,6
BRDA:115,3,0,0
BRDA:116,4,0,0
BRDA:120,5,0,12
BRDA:142,6,0,2
BRDA:142,7,0,10
BRDA:160,8,0,3
BRDA:172,9,0,0
BRDA:179,10,0,0
BRDA:199,11,0,2
BRDA:202,12,0,1
BRDA:205,13,0,0
BRDA:208,14,0,0
BRDA:213,15,0,0
BRDA:236,16,0,0
BRDA:242,17,0,1
BRDA:244,18,0,2
BRDA:247,19,0,0
BRDA:259,20,0,2
BRDA:266,21,0,1
BRDA:266,22,0,1
BRDA:275,23,0,0
BRDA:279,24,0,0
BRDA:279,25,0,0
BRDA:289,26,0,4
BRDA:290,27,0,3
BRDA:290,28,0,2
BRF:29
BRH:17
end_of_record
TN:
SF:src/stealth.ts
FN:16,validatePublicKey
FN:33,hashToScalar
FN:45,computeViewTag
FN:51,generateKeyPair
FN:63,deriveStealthAddress
FN:103,deriveStealthFromEphemeral
FN:138,deriveStealthFromEphemeralX
FN:174,modPow
FNF:8
FNH:8
FNDA:68,validatePublicKey
FNDA:33,hashToScalar
FNDA:38,computeViewTag
FNDA:24,generateKeyPair
FNDA:19,deriveStealthAddress
FNDA:16,deriveStealthFromEphemeral
FNDA:12,deriveStealthFromEphemeralX
FNDA:12,modPow
DA:1,1
DA:2,1
DA:3,1
DA:4,1
DA:5,1
DA:6,1
DA:7,1
DA:8,1
DA:9,1
DA:10,1
DA:11,1
DA:12,1
DA:13,1
DA:14,1
DA:15,1
DA:16,68
DA:17,68
DA:18,1
DA:19,1
DA:20,67
DA:21,67
DA:22,67
DA:23,68
DA:24,1
DA:25,1
DA:26,68
DA:27,1
DA:28,1
DA:29,1
DA:30,1
DA:31,1
DA:32,1
DA:33,33
DA:34,33
DA:35,33
DA:36,33
DA:37,33
DA:38,33
DA:39,1
DA:40,1
DA:41,1
DA:42,1
DA:43,1
DA:44,1
DA:45,1
DA:46,38
DA:47,38
DA:48,38
DA:49,38
DA:50,1
DA:51,1
DA:52,24
DA:53,24
DA:54,24
DA:55,24
DA:56,1
DA:57,1
DA:58,1
DA:59,1
DA:60,1
DA:61,1
DA:62,1
DA:63,1
DA:64,19
DA:65,19
DA:66,19
DA:67,19
DA:68,19
DA:69,19
DA:70,19
DA:71,19
DA:72,19
DA:73,19
DA:74,19
DA:75,19
DA:76,19
DA:77,19
DA:78,19
DA:79,19
DA:80,19
DA:81,19
DA:82,19
DA:83,19
DA:84,19
DA:85,19
DA:86,19
DA:87,19
DA:88,19
DA:89,19
DA:90,19
DA:91,19
DA:92,19
DA:93,19
DA:94,19
DA:95,1
DA:96,1
DA:97,1
DA:98,1
DA:99,1
DA:100,1
DA:101,1
DA:102,1
DA:103,1
DA:104,16
DA:105,16
DA:106,16
DA:107,16
DA:108,16
DA:109,16
DA:110,16
DA:111,16
DA:112,16
DA:113,16
DA:114,16
DA:115,16
DA:116,16
DA:117,16
DA:118,16
DA:119,16
DA:120,16
DA:121,16
DA:122,16
DA:123,16
DA:124,16
DA:125,16
DA:126,16
DA:127,16
DA:128,16
DA:129,16
DA:130,16
DA:131,16
DA:132,1
DA:133,1
DA:134,1
DA:135,1
DA:136,1
DA:137,1
DA:138,1
DA:139,12
DA:140,12
DA:141,12
DA:142,12
DA:143,12
DA:144,12
DA:145,12
DA:146,12
DA:147,12
DA:148,12
DA:149,12
DA:150,12
DA:151,12
DA:152,12
DA:153,12
DA:154,12
DA:155,12
DA:156,12
DA:157,12
DA:158,0
DA:159,0
DA:160,12
DA:161,12
DA:162,12
DA:163,12
DA:164,12
DA:165,12
DA:166,12
DA:167,12
DA:168,12
DA:169,12
DA:170,12
DA:171,12
DA:172,1
DA:173,1
DA:174,12
DA:175,12
DA:176,12
DA:177,12
DA:178,3048
DA:179,2964
DA:180,2964
DA:181,3048
DA:182,3048
DA:183,3048
DA:184,12
DA:185,12
LF:185
LH:183
BRDA:16,0,0,68
BRDA:17,1,0,1
BRDA:19,2,0,67
BRDA:23,3,0,1
BRDA:33,4,0,33
BRDA:45,5,0,38
BRDA:51,6,0,24
BRDA:63,7,0,19
BRDA:103,8,0,16
BRDA:138,9,0,12
BRDA:157,10,0,0
BRDA:162,11,0,5
BRDA:162,12,0,7
BRDA:163,13,0,5
BRDA:163,14,0,7
BRDA:174,15,0,12
BRDA:177,16,0,3048
BRDA:178,17,0,2964
BRF:18
BRH:17
end_of_record
TN:
SF:src/store.ts
FN:19,InMemoryRatchetStore
FN:23,load
FN:27,save
FN:39,lock
FN:63,update
FN:82,updateWithResult
FN:101,optimisticUpdate
FNF:7
FNH:7
FNDA:13,InMemoryRatchetStore
FNDA:15,load
FNDA:15,save
FNDA:8,lock
FNDA:3,update
FNDA:1,updateWithResult
FNDA:3,optimisticUpdate
DA:1,1
DA:2,1
DA:3,1
DA:4,1
DA:5,1
DA:6,1
DA:7,1
DA:8,1
DA:9,1
DA:10,1
DA:11,1
DA:12,1
DA:13,1
DA:14,1
DA:15,1
DA:16,1
DA:17,1
DA:18,1
DA:19,1
DA:20,13
DA:21,13
DA:22,1
DA:23,1
DA:24,15
DA:25,15
DA:26,1
DA:27,1
DA:28,15
DA:29,15
DA:30,15
DA:31,15
DA:32,15
DA:33,1
DA:34,1
DA:35,1
DA:36,1
DA:37,1
DA:38,1
DA:39,1
DA:40,8
DA:41,8
DA:42,2
DA:43,2
DA:44,8
DA:45,8
DA:46,8
DA:47,8
DA:48,8
DA:49,8
DA:50,8
DA:51,8
DA:52,8
DA:53,8
DA:54,8
DA:55,8
DA:56,8
DA:57,8
DA:58,1
DA:59,1
DA:60,1
DA:61,1
DA:62,1
DA:63,1
DA:64,3
DA:65,3
DA:66,3
DA:67,3
DA:68,3
DA:69,3
DA:70,3
DA:71,3
DA:72,3
DA:73,3
DA:74,3
DA:75,3
DA:76,3
DA:77,1
DA:78,1
DA:79,1
DA:80,1
DA:81,1
DA:82,1
DA:83,1
DA:84,1
DA:85,1
DA:86,1
DA:87,1
DA:88,1
DA:89,1
DA:90,1
DA:91,1
DA:92,1
DA:93,1
DA:94,1
DA:95,1
DA:96,1
DA:97,1
DA:98,1
DA:99,1
DA:100,1
DA:101,1
DA:102,3
DA:103,3
DA:104,3
DA:105,3
DA:106,3
DA:107,5
DA:108,5
DA:109,5
DA:110,5
DA:111,5
DA:112,5
DA:113,5
DA:114,5
DA:115,5
DA:116,5
DA:117,2
DA:118,2
DA:119,2
DA:120,3
DA:121,3
DA:122,3
DA:123,3
DA:124,3
DA:125,3
DA:126,3
DA:127,1
LF:127
LH:127
BRDA:19,0,0,13
BRDA:23,1,0,15
BRDA:27,2,0,15
BRDA:30,3,0,5
BRDA:30,4,0,10
BRDA:39,5,0,8
BRDA:41,6,0,2
BRDA:47,7,0,8
BRDA:53,8,0,8
BRDA:63,9,0,3
BRDA:82,10,0,1
BRDA:101,11,0,3
BRDA:106,12,0,5
BRDA:108,13,0,0
BRDA:116,14,0,0
BRDA:116,15,0,2
BRDA:119,16,0,3
BRDA:122,17,0,3
BRF:18
BRH:16
end_of_record
TN:
SF:src/x3dh.ts
FN:27,concatBytes
FN:43,validatePublicKey
FN:62,verifySignedPreKeySignature
FN:94,deriveSalt
FN:104,x3dhInitiator
FN:206,x3dhResponder
FNF:6
FNH:6
FNDA:31,concatBytes
FNDA:41,validatePublicKey
FNDA:11,verifySignedPreKeySignature
FNDA:14,deriveSalt
FNDA:14,x3dhInitiator
FNDA:5,x3dhResponder
DA:1,1
DA:2,1
DA:3,1
DA:4,1
DA:5,1
DA:6,1
DA:7,1
DA:8,1
DA:9,1
DA:10,1
DA:11,1
DA:12,1
DA:13,1
DA:14,1
DA:15,1
DA:16,1
DA:17,1
DA:18,1
DA:19,1
DA:20,1
DA:21,1
DA:22,1
DA:23,1
DA:24,1
DA:25,1
DA:26,1
DA:27,31
DA:28,31
DA:29,31
DA:30,31
DA:31,31
DA:32,95
DA:33,95
DA:34,95
DA:35,31
DA:36,31
DA:37,1
DA:38,1
DA:39,1
DA:40,1
DA:41,1
DA:42,1
DA:43,41
DA:44,41
DA:45,41
DA:46,41
DA:47,41
DA:48,41
DA:49,41
DA:50,5
DA:51,5
DA:52,41
DA:53,1
DA:54,1
DA:55,1
DA:56,1
DA:57,1
DA:58,1
DA:59,1
DA:60,1
DA:61,1
DA:62,11
DA:63,11
DA:64,11
DA:65,11
DA:66,11
DA:67,11
DA:68,11
DA:69,11
DA:70,11
DA:71,11
DA:72,11
DA:73,11
DA:74,0
DA:75,0
DA:76,11
DA:77,11
DA:78,11
DA:79,11
DA:80,11
DA:81,0
DA:82,0
DA:83,11
DA:84,0
DA:85,0
DA:86,0
DA:87,0
DA:88,11
DA:89,1
DA:90,1
DA:91,1
DA:92,1
DA:93,1
DA:94,14
DA:95,14
DA:96,14
DA:97,14
DA:98,14
DA:99,14
DA:100,14
DA:101,14
DA:102,14
DA:103,1
DA:104,1
DA:105,14
DA:106,14
DA:107,14
DA:108,14
DA:109,14
DA:110,14
DA:111,14
DA:112,14
DA:113,5
DA:114,5
DA:115,11
DA:116,11
DA:117,11
DA:118,11
DA:119,11
DA:120,11
DA:121,11
DA:122,11
DA:123,11
DA:124,14
DA:125,0
DA:126,0
DA:127,11
DA:128,11
DA:129,11
DA:130,11
DA:131,11
DA:132,11
DA:133,11
DA:134,11
DA:135,11
DA:136,11
DA:137,11
DA:138,11
DA:139,11
DA:140,11
DA:141,11
DA:142,11
DA:143,11
DA:144,11
DA:145,11
DA:146,11
DA:147,11
DA:148,11
DA:149,11
DA:150,11
DA:151,11
DA:152,11
DA:153,11
DA:154,11
DA:155,11
DA:156,11
DA:157,11
DA:158,11
DA:159,11
DA:160,11
DA:161,11
DA:162,11
DA:163,11
DA:164,11
DA:165,14
DA:166,4
DA:167,4
DA:168,4
DA:169,4
DA:170,4
DA:171,4
DA:172,4
DA:173,11
DA:174,11
DA:175,11
DA:176,11
DA:177,11
DA:178,11
DA:179,11
DA:180,11
DA:181,11
DA:182,11
DA:183,11
DA:184,11
DA:185,14
DA:186,2
DA:187,2
DA:188,2
DA:189,2
DA:190,2
DA:191,2
DA:192,2
DA:193,2
DA:194,2
DA:195,2
DA:196,11
DA:197,11
DA:198,11
DA:199,11
DA:200,11
DA:201,11
DA:202,14
DA:203,14
DA:204,14
DA:205,1
DA:206,1
DA:207,5
DA:208,5
DA:209,5
DA:210,5
DA:211,5
DA:212,5
DA:213,5
DA:214,5
DA:215,5
DA:216,5
DA:217,5
DA:218,5
DA:219,5
DA:220,5
DA:221,5
DA:222,5
DA:223,5
DA:224,5
DA:225,5
DA:226,5
DA:227,5
DA:228,5
DA:229,5
DA:230,5
DA:231,5
DA:232,5
DA:233,5
DA:234,5
DA:235,5
DA:236,5
DA:237,5
DA:238,5
DA:239,5
DA:240,5
DA:241,5
DA:242,1
DA:243,1
DA:244,1
DA:245,1
DA:246,1
DA:247,1
DA:248,1
DA:249,3
DA:250,3
DA:251,3
DA:252,3
DA:253,3
DA:254,3
DA:255,3
DA:256,3
DA:257,3
DA:258,3
DA:259,3
DA:260,3
DA:261,3
DA:262,3
DA:263,5
DA:264,1
DA:265,1
DA:266,1
DA:267,1
DA:268,1
DA:269,1
DA:270,1
DA:271,3
DA:272,3
DA:273,3
LF:273
LH:263
BRDA:27,0,0,31
BRDA:31,1,0,95
BRDA:28,2,0,95
BRDA:43,3,0,41
BRDA:49,4,0,5
BRDA:62,5,0,11
BRDA:73,6,0,0
BRDA:80,7,0,0
BRDA:83,8,0,0
BRDA:94,9,0,14
BRDA:104,10,0,14
BRDA:112,11,0,5
BRDA:114,12,0,11
BRDA:124,13,0,0
BRDA:126,14,0,11
BRDA:165,15,0,4
BRDA:172,16,0,11
BRDA:185,17,0,2
BRDA:185,18,0,2
BRDA:195,19,0,11
BRDA:202,20,0,4
BRDA:202,21,0,7
BRDA:206,22,0,5
BRDA:241,23,0,1
BRDA:248,24,0,3
BRDA:263,25,0,1
BRDA:270,26,0,3
BRF:27
BRH:23
end_of_record
TN:
SF:src/zkProof.ts
FN:57,generateZKIdentity
FN:74,computeIdentityCommitment
FN:86,computeSenderNullifier
FN:98,computeGroupNullifier
FN:117,SimpleMerkleTree
FN:124,getZeroHashes
FN:140,insert
FN:145,getRoot
FN:170,getProof
FN:216,generateAnonymousSenderProof
FN:259,generateGroupMemberProof
FN:280,formatProofForContract
FN:301,computeMessageHash
FNF:13
FNH:11
FNDA:12,generateZKIdentity
FNDA:11,computeIdentityCommitment
FNDA:8,computeSenderNullifier
FNDA:9,computeGroupNullifier
FNDA:10,SimpleMerkleTree
FNDA:39,getZeroHashes
FNDA:21,insert
FNDA:24,getRoot
FNDA:15,getProof
FNDA:0,generateAnonymousSenderProof
FNDA:0,generateGroupMemberProof
FNDA:3,formatProofForContract
FNDA:10,computeMessageHash
DA:1,1
DA:2,1
DA:3,1
DA:4,1
DA:5,1
DA:6,1
DA:7,1
DA:8,1
DA:9,1
DA:10,1
DA:11,1
DA:12,1
DA:13,1
DA:14,1
DA:15,1
DA:16,1
DA:17,1
DA:18,1
DA:19,1
DA:20,1
DA:21,1
DA:22,1
DA:23,1
DA:24,1
DA:25,1
DA:26,1
DA:27,1
DA:28,1
DA:29,1
DA:30,1
DA:31,1
DA:32,1
DA:33,1
DA:34,1
DA:35,1
DA:36,1
DA:37,1
DA:38,1
DA:39,1
DA:40,1
DA:41,1
DA:42,1
DA:43,1
DA:44,1
DA:45,1
DA:46,1
DA:47,1
DA:48,1
DA:49,1
DA:50,1
DA:51,1
DA:52,1
DA:53,1
DA:54,1
DA:55,1
DA:56,1
DA:57,12
DA:58,12
DA:59,12
DA:60,12
DA:61,12
DA:62,12
DA:63,12
DA:64,12
DA:65,12
DA:66,12
DA:67,12
DA:68,12
DA:69,12
DA:70,1
DA:71,1
DA:72,1
DA:73,1
DA:74,11
DA:75,11
DA:76,11
DA:77,11
DA:78,11
DA:79,11
DA:80,11
DA:81,1
DA:82,1
DA:83,1
DA:84,1
DA:85,1
DA:86,8
DA:87,8
DA:88,8
DA:89,8
DA:90,8
DA:91,8
DA:92,8
DA:93,1
DA:94,1
DA:95,1
DA:96,1
DA:97,1
DA:98,9
DA:99,9
DA:100,9
DA:101,9
DA:102,9
DA:103,9
DA:104,9
DA:105,9
DA:106,9
DA:107,1
DA:108,1
DA:109,1
DA:110,1
DA:111,1
DA:112,1
DA:113,1
DA:114,1
DA:115,1
DA:116,1
DA:117,1
DA:118,10
DA:119,10
DA:120,1
DA:121,1
DA:122,1
DA:123,1
DA:124,1
DA:125,39
DA:126,30
DA:127,30
DA:128,9
DA:129,9
DA:130,9
DA:131,9
DA:132,39
DA:133,45
DA:134,45
DA:135,9
DA:136,9
DA:137,9
DA:138,39
DA:139,1
DA:140,1
DA:141,21
DA:142,21
DA:143,21
DA:144,1
DA:145,1
DA:146,24
DA:147,24
DA:148,24
DA:149,4
DA:150,4
DA:151,20
DA:152,20
DA:153,20
DA:154,20
DA:155,24
DA:156,100
DA:157,100
DA:158,100
DA:159,177
DA:160,177
DA:161,177
DA:162,177
DA:163,100
DA:164,100
DA:165,100
DA:166,20
DA:167,20
DA:168,24
DA:169,1
DA:170,1
DA:171,15
DA:172,15
DA:173,15
DA:174,15
DA:175,15
DA:176,15
DA:177,15
DA:178,15
DA:179,15
DA:180,75
DA:181,75
DA:182,75
DA:183,75
DA:184,75
DA:185,75
DA:186,75
DA:187,75
DA:188,75
DA:189,145
DA:190,145
DA:191,145
DA:192,145
DA:193,75
DA:194,75
DA:195,75
DA:196,15
DA:197,15
DA:198,15
DA:199,15
DA:200,15
DA:201,15
DA:202,15
DA:203,1
DA:204,1
DA:205,1
DA:206,1
DA:207,1
DA:208,1
DA:209,1
DA:210,1
DA:211,1
DA:212,1
DA:213,1
DA:214,1
DA:215,1
DA:216,0
DA:217,0
DA:218,0
DA:219,0
DA:220,0
DA:221,0
DA:222,0
DA:223,0
DA:224,0
DA:225,0
DA:226,0
DA:227,0
DA:228,0
DA:229,0
DA:230,0
DA:231,0
DA:232,0
DA:233,0
DA:234,0
DA:235,0
DA:236,0
DA:237,0
DA:238,0
DA:239,0
DA:240,0
DA:241,0
DA:242,0
DA:243,0
DA:244,0
DA:245,0
DA:246,0
DA:247,1
DA:248,1
DA:249,1
DA:250,1
DA:251,1
DA:252,1
DA:253,1
DA:254,1
DA:255,1
DA:256,1
DA:257,1
DA:258,1
DA:259,0
DA:260,0
DA:261,0
DA:262,0
DA:263,0
DA:264,0
DA:265,0
DA:266,0
DA:267,0
DA:268,0
DA:269,0
DA:270,0
DA:271,0
DA:272,0
DA:273,0
DA:274,0
DA:275,0
DA:276,1
DA:277,1
DA:278,1
DA:279,1
DA:280,1
DA:281,3
DA:282,3
DA:283,3
DA:284,3
DA:285,3
DA:286,3
DA:287,3
DA:288,3
DA:289,3
DA:290,3
DA:291,3
DA:292,3
DA:293,3
DA:294,3
DA:295,3
DA:296,1
DA:297,1
DA:298,1
DA:299,1
DA:300,1
DA:301,10
DA:302,10
DA:303,10
DA:304,10
DA:305,10
DA:306,10
DA:307,10
DA:308,10
DA:309,10
DA:310,10
DA:311,10
DA:312,10
DA:313,10
DA:314,10
DA:315,10
LF:315
LH:267
BRDA:57,0,0,12
BRDA:74,1,0,11
BRDA:86,2,0,8
BRDA:98,3,0,9
BRDA:117,4,0,10
BRDA:124,5,0,39
BRDA:125,6,0,30
BRDA:127,7,0,9
BRDA:132,8,0,45
BRDA:134,9,0,9
BRDA:140,10,0,21
BRDA:145,11,0,24
BRDA:148,12,0,4
BRDA:150,13,0,20
BRDA:155,14,0,100
BRDA:158,15,0,177
BRDA:160,16,0,73
BRDA:165,17,0,20
BRDA:170,18,0,15
BRDA:179,19,0,75
BRDA:180,20,0,59
BRDA:180,21,0,16
BRDA:181,22,0,36
BRDA:188,23,0,145
BRDA:190,24,0,52
BRDA:280,25,0,3
BRDA:301,26,0,10
BRF:27
BRH:27
end_of_record
